<?xml version="1.0" encoding="UTF-8"?>
<!-- Generated by org.testng.reporters.JUnitReportReporter -->
<testsuite skipped="0" hostname="ojt17-PC" name="DriverFactory.AppTest" tests="1" failures="0" timestamp="6 Nov 2019 12:51:35 GMT" time="37.296" errors="0">
  <testcase name="kickStart" time="37.296" classname="DriverFactory.AppTest"/>
</testsuite> <!-- DriverFactory.AppTest -->
