<?xml version="1.0" encoding="UTF-8"?>
<!-- Generated by org.testng.reporters.JUnitReportReporter -->
<testsuite skipped="0" hostname="ojt17-PC" name="DriverFactory.AppTest" tests="1" failures="0" timestamp="5 Nov 2019 13:37:44 GMT" time="39.880" errors="0">
  <testcase name="kickStart" time="39.880" classname="DriverFactory.AppTest"/>
</testsuite> <!-- DriverFactory.AppTest -->
